<?xml version="1.0" encoding="UTF-8"?>
<!-- Generated by org.testng.reporters.JUnitReportReporter -->
<testsuite skipped="0" hostname="LAPTOP-1BCJRB17" name="com.AutDemo.CruisesBooking" tests="1" failures="0" timestamp="15 Oct 2019 05:08:48 GMT" time="181.526" errors="0">
  <testcase name="bookCruise" time="181.526" classname="com.AutDemo.CruisesBooking"/>
</testsuite> <!-- com.AutDemo.CruisesBooking -->
