<?xml version="1.0" encoding="UTF-8"?>
<!-- Generated by org.testng.reporters.JUnitReportReporter -->
<testsuite skipped="0" hostname="LAPTOP-1BCJRB17" name="com.AutDemo2.BrokenLinks" tests="1" failures="0" timestamp="15 Oct 2019 06:11:43 GMT" time="33.954" errors="0">
  <testcase name="brokenLinktest" time="33.954" classname="com.AutDemo2.BrokenLinks"/>
</testsuite> <!-- com.AutDemo2.BrokenLinks -->
