<?xml version="1.0" encoding="UTF-8"?>
<!-- Generated by org.testng.reporters.JUnitReportReporter -->
<testsuite skipped="0" hostname="LAPTOP-1BCJRB17" name="com.AutDemo.ToursBooking" tests="2" failures="0" timestamp="15 Oct 2019 06:11:43 GMT" time="135.726" errors="0">
  <testcase name="bookflight" time="88.300" classname="com.AutDemo.ToursBooking"/>
  <testcase name="selectFlight" time="47.426" classname="com.AutDemo.ToursBooking"/>
</testsuite> <!-- com.AutDemo.ToursBooking -->
