<?xml version="1.0" encoding="UTF-8"?>
<!-- Generated by org.testng.reporters.JUnitReportReporter -->
<testsuite skipped="0" hostname="LAPTOP-1BCJRB17" name="com.AutDemo.BrokenLinks" tests="1" failures="0" timestamp="15 Oct 2019 05:08:48 GMT" time="142.427" errors="0">
  <testcase name="brokenLinktest" time="142.427" classname="com.AutDemo.BrokenLinks"/>
</testsuite> <!-- com.AutDemo.BrokenLinks -->
