<?xml version="1.0" encoding="UTF-8"?>
<!-- Generated by org.testng.reporters.JUnitReportReporter -->
<testsuite skipped="0" hostname="LAPTOP-1BCJRB17" name="com.AutDemo1.CruisesBooking" tests="1" failures="0" timestamp="15 Oct 2019 06:11:43 GMT" time="59.888" errors="0">
  <testcase name="bookCruise" time="59.888" classname="com.AutDemo1.CruisesBooking"/>
</testsuite> <!-- com.AutDemo1.CruisesBooking -->
